Reading pref.tcl

# 2024.3

# do vsim.do
# QuestaSim-64 vlog 2024.3 Compiler 2024.09 Sep 10 2024
# Start time: 18:57:51 on Jun 04,2025
# vlog /software/dk/tsmc65/digital/Front_End/verilog/tcbn65lplvt_200a/tcbn65lplvt.v 
# -- Compiling module AN2D0LVT
# -- Compiling module AN2D1LVT
# -- Compiling module AN2D2LVT
# -- Compiling module AN2D4LVT
# -- Compiling module AN2D8LVT
# -- Compiling module AN2XD1LVT
# -- Compiling module AN3D0LVT
# -- Compiling module AN3D1LVT
# -- Compiling module AN3D2LVT
# -- Compiling module AN3D4LVT
# -- Compiling module AN3D8LVT
# -- Compiling module AN3XD1LVT
# -- Compiling module AN4D0LVT
# -- Compiling module AN4D1LVT
# -- Compiling module AN4D2LVT
# -- Compiling module AN4D4LVT
# -- Compiling module AN4D8LVT
# -- Compiling module AN4XD1LVT
# -- Compiling module ANTENNALVT
# -- Compiling module AO211D0LVT
# -- Compiling module AO211D1LVT
# -- Compiling module AO211D2LVT
# -- Compiling module AO211D4LVT
# -- Compiling module AO21D0LVT
# -- Compiling module AO21D1LVT
# -- Compiling module AO21D2LVT
# -- Compiling module AO21D4LVT
# -- Compiling module AO221D0LVT
# -- Compiling module AO221D1LVT
# -- Compiling module AO221D2LVT
# -- Compiling module AO221D4LVT
# -- Compiling module AO222D0LVT
# -- Compiling module AO222D1LVT
# -- Compiling module AO222D2LVT
# -- Compiling module AO222D4LVT
# -- Compiling module AO22D0LVT
# -- Compiling module AO22D1LVT
# -- Compiling module AO22D2LVT
# -- Compiling module AO22D4LVT
# -- Compiling module AO31D0LVT
# -- Compiling module AO31D1LVT
# -- Compiling module AO31D2LVT
# -- Compiling module AO31D4LVT
# -- Compiling module AO32D0LVT
# -- Compiling module AO32D1LVT
# -- Compiling module AO32D2LVT
# -- Compiling module AO32D4LVT
# -- Compiling module AO33D0LVT
# -- Compiling module AO33D1LVT
# -- Compiling module AO33D2LVT
# -- Compiling module AO33D4LVT
# -- Compiling module AOI211D0LVT
# -- Compiling module AOI211D1LVT
# -- Compiling module AOI211D2LVT
# -- Compiling module AOI211D4LVT
# -- Compiling module AOI211XD0LVT
# -- Compiling module AOI211XD1LVT
# -- Compiling module AOI211XD2LVT
# -- Compiling module AOI211XD4LVT
# -- Compiling module AOI21D0LVT
# -- Compiling module AOI21D1LVT
# -- Compiling module AOI21D2LVT
# -- Compiling module AOI21D4LVT
# -- Compiling module AOI221D0LVT
# -- Compiling module AOI221D1LVT
# -- Compiling module AOI221D2LVT
# -- Compiling module AOI221D4LVT
# -- Compiling module AOI221XD4LVT
# -- Compiling module AOI222D0LVT
# -- Compiling module AOI222D1LVT
# -- Compiling module AOI222D2LVT
# -- Compiling module AOI222D4LVT
# -- Compiling module AOI222XD4LVT
# -- Compiling module AOI22D0LVT
# -- Compiling module AOI22D1LVT
# -- Compiling module AOI22D2LVT
# -- Compiling module AOI22D4LVT
# -- Compiling module AOI31D0LVT
# -- Compiling module AOI31D1LVT
# -- Compiling module AOI31D2LVT
# -- Compiling module AOI31D4LVT
# -- Compiling module AOI32D0LVT
# -- Compiling module AOI32D1LVT
# -- Compiling module AOI32D2LVT
# -- Compiling module AOI32D4LVT
# -- Compiling module AOI32XD4LVT
# -- Compiling module AOI33D0LVT
# -- Compiling module AOI33D1LVT
# -- Compiling module AOI33D2LVT
# -- Compiling module AOI33D4LVT
# -- Compiling module AOI33XD4LVT
# -- Compiling module BENCD1LVT
# -- Compiling module BENCD2LVT
# -- Compiling module BENCD4LVT
# -- Compiling module BHDLVT
# -- Compiling module BMLD1LVT
# -- Compiling module BMLD2LVT
# -- Compiling module BMLD4LVT
# -- Compiling module BUFFD0LVT
# -- Compiling module BUFFD12LVT
# -- Compiling module BUFFD16LVT
# -- Compiling module BUFFD1LVT
# -- Compiling module BUFFD20LVT
# -- Compiling module BUFFD24LVT
# -- Compiling module BUFFD2LVT
# -- Compiling module BUFFD3LVT
# -- Compiling module BUFFD4LVT
# -- Compiling module BUFFD6LVT
# -- Compiling module BUFFD8LVT
# -- Compiling module BUFTD0LVT
# -- Compiling module BUFTD12LVT
# -- Compiling module BUFTD16LVT
# -- Compiling module BUFTD1LVT
# -- Compiling module BUFTD20LVT
# -- Compiling module BUFTD24LVT
# -- Compiling module BUFTD2LVT
# -- Compiling module BUFTD3LVT
# -- Compiling module BUFTD4LVT
# -- Compiling module BUFTD6LVT
# -- Compiling module BUFTD8LVT
# -- Compiling module CKAN2D0LVT
# -- Compiling module CKAN2D1LVT
# -- Compiling module CKAN2D2LVT
# -- Compiling module CKAN2D4LVT
# -- Compiling module CKAN2D8LVT
# -- Compiling module CKBD0LVT
# -- Compiling module CKBD12LVT
# -- Compiling module CKBD16LVT
# -- Compiling module CKBD1LVT
# -- Compiling module CKBD20LVT
# -- Compiling module CKBD24LVT
# -- Compiling module CKBD2LVT
# -- Compiling module CKBD3LVT
# -- Compiling module CKBD4LVT
# -- Compiling module CKBD6LVT
# -- Compiling module CKBD8LVT
# -- Compiling module CKLHQD12LVT
# -- Compiling module CKLHQD16LVT
# -- Compiling module CKLHQD1LVT
# -- Compiling module CKLHQD20LVT
# -- Compiling module CKLHQD24LVT
# -- Compiling module CKLHQD2LVT
# -- Compiling module CKLHQD3LVT
# -- Compiling module CKLHQD4LVT
# -- Compiling module CKLHQD6LVT
# -- Compiling module CKLHQD8LVT
# -- Compiling module CKLNQD12LVT
# -- Compiling module CKLNQD16LVT
# -- Compiling module CKLNQD1LVT
# -- Compiling module CKLNQD20LVT
# -- Compiling module CKLNQD24LVT
# -- Compiling module CKLNQD2LVT
# -- Compiling module CKLNQD3LVT
# -- Compiling module CKLNQD4LVT
# -- Compiling module CKLNQD6LVT
# -- Compiling module CKLNQD8LVT
# -- Compiling module CKMUX2D0LVT
# -- Compiling module CKMUX2D1LVT
# -- Compiling module CKMUX2D2LVT
# -- Compiling module CKMUX2D4LVT
# -- Compiling module CKND0LVT
# -- Compiling module CKND12LVT
# -- Compiling module CKND16LVT
# -- Compiling module CKND1LVT
# -- Compiling module CKND20LVT
# -- Compiling module CKND24LVT
# -- Compiling module CKND2D0LVT
# -- Compiling module CKND2D1LVT
# -- Compiling module CKND2D2LVT
# -- Compiling module CKND2D3LVT
# -- Compiling module CKND2D4LVT
# -- Compiling module CKND2D8LVT
# -- Compiling module CKND2LVT
# -- Compiling module CKND3LVT
# -- Compiling module CKND4LVT
# -- Compiling module CKND6LVT
# -- Compiling module CKND8LVT
# -- Compiling module CKXOR2D0LVT
# -- Compiling module CKXOR2D1LVT
# -- Compiling module CKXOR2D2LVT
# -- Compiling module CKXOR2D4LVT
# -- Compiling module CMPE42D1LVT
# -- Compiling module CMPE42D2LVT
# -- Compiling module DCAP16LVT
# -- Compiling module DCAP32LVT
# -- Compiling module DCAP4LVT
# -- Compiling module DCAP64LVT
# -- Compiling module DCAP8LVT
# -- Compiling module DCAPLVT
# -- Compiling module DEL005LVT
# -- Compiling module DEL015LVT
# -- Compiling module DEL01LVT
# -- Compiling module DEL02LVT
# -- Compiling module DEL0LVT
# -- Compiling module DEL1LVT
# -- Compiling module DEL2LVT
# -- Compiling module DEL3LVT
# -- Compiling module DEL4LVT
# -- Compiling module DFCND1LVT
# -- Compiling module DFCND2LVT
# -- Compiling module DFCND4LVT
# -- Compiling module DFCNQD1LVT
# -- Compiling module DFCNQD2LVT
# -- Compiling module DFCNQD4LVT
# -- Compiling module DFCSND1LVT
# -- Compiling module DFCSND2LVT
# -- Compiling module DFCSND4LVT
# -- Compiling module DFCSNQD1LVT
# -- Compiling module DFCSNQD2LVT
# -- Compiling module DFCSNQD4LVT
# -- Compiling module DFD1LVT
# -- Compiling module DFD2LVT
# -- Compiling module DFD4LVT
# -- Compiling module DFKCND1LVT
# -- Compiling module DFKCND2LVT
# -- Compiling module DFKCND4LVT
# -- Compiling module DFKCNQD1LVT
# -- Compiling module DFKCNQD2LVT
# -- Compiling module DFKCNQD4LVT
# -- Compiling module DFKCSND1LVT
# -- Compiling module DFKCSND2LVT
# -- Compiling module DFKCSND4LVT
# -- Compiling module DFKSND1LVT
# -- Compiling module DFKSND2LVT
# -- Compiling module DFKSND4LVT
# -- Compiling module DFNCND1LVT
# -- Compiling module DFNCND2LVT
# -- Compiling module DFNCND4LVT
# -- Compiling module DFNCSND1LVT
# -- Compiling module DFNCSND2LVT
# -- Compiling module DFNCSND4LVT
# -- Compiling module DFND1LVT
# -- Compiling module DFND2LVT
# -- Compiling module DFND4LVT
# -- Compiling module DFNSND1LVT
# -- Compiling module DFNSND2LVT
# -- Compiling module DFNSND4LVT
# -- Compiling module DFQD1LVT
# -- Compiling module DFQD2LVT
# -- Compiling module DFQD4LVT
# -- Compiling module DFSND1LVT
# -- Compiling module DFSND2LVT
# -- Compiling module DFSND4LVT
# -- Compiling module DFSNQD1LVT
# -- Compiling module DFSNQD2LVT
# -- Compiling module DFSNQD4LVT
# -- Compiling module DFXD1LVT
# -- Compiling module DFXD2LVT
# -- Compiling module DFXD4LVT
# -- Compiling module DFXQD1LVT
# -- Compiling module DFXQD2LVT
# -- Compiling module DFXQD4LVT
# -- Compiling module EDFCND1LVT
# -- Compiling module EDFCND2LVT
# -- Compiling module EDFCND4LVT
# -- Compiling module EDFCNQD1LVT
# -- Compiling module EDFCNQD2LVT
# -- Compiling module EDFCNQD4LVT
# -- Compiling module EDFD1LVT
# -- Compiling module EDFD2LVT
# -- Compiling module EDFD4LVT
# -- Compiling module EDFKCND1LVT
# -- Compiling module EDFKCND2LVT
# -- Compiling module EDFKCND4LVT
# -- Compiling module EDFKCNQD1LVT
# -- Compiling module EDFKCNQD2LVT
# -- Compiling module EDFKCNQD4LVT
# -- Compiling module EDFQD1LVT
# -- Compiling module EDFQD2LVT
# -- Compiling module EDFQD4LVT
# -- Compiling module FA1D0LVT
# -- Compiling module FA1D1LVT
# -- Compiling module FA1D2LVT
# -- Compiling module FA1D4LVT
# -- Compiling module FCICIND1LVT
# -- Compiling module FCICIND2LVT
# -- Compiling module FCICOND1LVT
# -- Compiling module FCICOND2LVT
# -- Compiling module FCSICIND1LVT
# -- Compiling module FCSICIND2LVT
# -- Compiling module FCSICOND1LVT
# -- Compiling module FCSICOND2LVT
# -- Compiling module FICIND1LVT
# -- Compiling module FICIND2LVT
# -- Compiling module FICOND1LVT
# -- Compiling module FICOND2LVT
# -- Compiling module FIICOND1LVT
# -- Compiling module FIICOND2LVT
# -- Compiling module GAN2D1LVT
# -- Compiling module GAN2D2LVT
# -- Compiling module GAOI21D1LVT
# -- Compiling module GAOI21D2LVT
# -- Compiling module GAOI22D1LVT
# -- Compiling module GBUFFD1LVT
# -- Compiling module GBUFFD2LVT
# -- Compiling module GBUFFD3LVT
# -- Compiling module GBUFFD4LVT
# -- Compiling module GBUFFD8LVT
# -- Compiling module GDCAP10LVT
# -- Compiling module GDCAP2LVT
# -- Compiling module GDCAP3LVT
# -- Compiling module GDCAP4LVT
# -- Compiling module GDCAPLVT
# -- Compiling module GDFCNQD1LVT
# -- Compiling module GDFQD1LVT
# -- Compiling module GFILL10LVT
# -- Compiling module GFILL2LVT
# -- Compiling module GFILL3LVT
# -- Compiling module GFILL4LVT
# -- Compiling module GFILLLVT
# -- Compiling module GINVD1LVT
# -- Compiling module GINVD2LVT
# -- Compiling module GINVD3LVT
# -- Compiling module GINVD4LVT
# -- Compiling module GINVD8LVT
# -- Compiling module GMUX2D1LVT
# -- Compiling module GMUX2D2LVT
# -- Compiling module GMUX2ND1LVT
# -- Compiling module GMUX2ND2LVT
# -- Compiling module GND2D1LVT
# -- Compiling module GND2D2LVT
# -- Compiling module GND2D3LVT
# -- Compiling module GND2D4LVT
# -- Compiling module GND3D1LVT
# -- Compiling module GND3D2LVT
# -- Compiling module GNR2D1LVT
# -- Compiling module GNR2D2LVT
# -- Compiling module GNR3D1LVT
# -- Compiling module GNR3D2LVT
# -- Compiling module GOAI21D1LVT
# -- Compiling module GOAI21D2LVT
# -- Compiling module GOR2D1LVT
# -- Compiling module GOR2D2LVT
# -- Compiling module GSDFCNQD1LVT
# -- Compiling module GTIEHLVT
# -- Compiling module GTIELLVT
# -- Compiling module GXNR2D1LVT
# -- Compiling module GXNR2D2LVT
# -- Compiling module GXOR2D1LVT
# -- Compiling module GXOR2D2LVT
# -- Compiling module HA1D0LVT
# -- Compiling module HA1D1LVT
# -- Compiling module HA1D2LVT
# -- Compiling module HA1D4LVT
# -- Compiling module HCOSCIND1LVT
# -- Compiling module HCOSCIND2LVT
# -- Compiling module HCOSCOND1LVT
# -- Compiling module HCOSCOND2LVT
# -- Compiling module HICIND1LVT
# -- Compiling module HICIND2LVT
# -- Compiling module HICOND1LVT
# -- Compiling module HICOND2LVT
# -- Compiling module IAO21D0LVT
# -- Compiling module IAO21D1LVT
# -- Compiling module IAO21D2LVT
# -- Compiling module IAO21D4LVT
# -- Compiling module IAO22D0LVT
# -- Compiling module IAO22D1LVT
# -- Compiling module IAO22D2LVT
# -- Compiling module IAO22D4LVT
# -- Compiling module IIND4D0LVT
# -- Compiling module IIND4D1LVT
# -- Compiling module IIND4D2LVT
# -- Compiling module IIND4D4LVT
# -- Compiling module IINR4D0LVT
# -- Compiling module IINR4D1LVT
# -- Compiling module IINR4D2LVT
# -- Compiling module IINR4D4LVT
# -- Compiling module IND2D0LVT
# -- Compiling module IND2D1LVT
# -- Compiling module IND2D2LVT
# -- Compiling module IND2D4LVT
# -- Compiling module IND3D0LVT
# -- Compiling module IND3D1LVT
# -- Compiling module IND3D2LVT
# -- Compiling module IND3D4LVT
# -- Compiling module IND4D0LVT
# -- Compiling module IND4D1LVT
# -- Compiling module IND4D2LVT
# -- Compiling module IND4D4LVT
# -- Compiling module INR2D0LVT
# -- Compiling module INR2D1LVT
# -- Compiling module INR2D2LVT
# -- Compiling module INR2D4LVT
# -- Compiling module INR2XD0LVT
# -- Compiling module INR2XD1LVT
# -- Compiling module INR2XD2LVT
# -- Compiling module INR2XD4LVT
# -- Compiling module INR3D0LVT
# -- Compiling module INR3D1LVT
# -- Compiling module INR3D2LVT
# -- Compiling module INR3D4LVT
# -- Compiling module INR4D0LVT
# -- Compiling module INR4D1LVT
# -- Compiling module INR4D2LVT
# -- Compiling module INR4D4LVT
# -- Compiling module INVD0LVT
# -- Compiling module INVD12LVT
# -- Compiling module INVD16LVT
# -- Compiling module INVD1LVT
# -- Compiling module INVD20LVT
# -- Compiling module INVD24LVT
# -- Compiling module INVD2LVT
# -- Compiling module INVD3LVT
# -- Compiling module INVD4LVT
# -- Compiling module INVD6LVT
# -- Compiling module INVD8LVT
# -- Compiling module IOA21D0LVT
# -- Compiling module IOA21D1LVT
# -- Compiling module IOA21D2LVT
# -- Compiling module IOA21D4LVT
# -- Compiling module IOA22D0LVT
# -- Compiling module IOA22D1LVT
# -- Compiling module IOA22D2LVT
# -- Compiling module IOA22D4LVT
# -- Compiling module LHCND1LVT
# -- Compiling module LHCND2LVT
# -- Compiling module LHCND4LVT
# -- Compiling module LHCNDD1LVT
# -- Compiling module LHCNDD2LVT
# -- Compiling module LHCNDD4LVT
# -- Compiling module LHCNDQD1LVT
# -- Compiling module LHCNDQD2LVT
# -- Compiling module LHCNDQD4LVT
# -- Compiling module LHCNQD1LVT
# -- Compiling module LHCNQD2LVT
# -- Compiling module LHCNQD4LVT
# -- Compiling module LHCSND1LVT
# -- Compiling module LHCSND2LVT
# -- Compiling module LHCSND4LVT
# -- Compiling module LHCSNDD1LVT
# -- Compiling module LHCSNDD2LVT
# -- Compiling module LHCSNDD4LVT
# -- Compiling module LHCSNDQD1LVT
# -- Compiling module LHCSNDQD2LVT
# -- Compiling module LHCSNDQD4LVT
# -- Compiling module LHCSNQD1LVT
# -- Compiling module LHCSNQD2LVT
# -- Compiling module LHCSNQD4LVT
# -- Compiling module LHD1LVT
# -- Compiling module LHD2LVT
# -- Compiling module LHD4LVT
# -- Compiling module LHQD1LVT
# -- Compiling module LHQD2LVT
# -- Compiling module LHQD4LVT
# -- Compiling module LHSND1LVT
# -- Compiling module LHSND2LVT
# -- Compiling module LHSND4LVT
# -- Compiling module LHSNDD1LVT
# -- Compiling module LHSNDD2LVT
# -- Compiling module LHSNDD4LVT
# -- Compiling module LHSNDQD1LVT
# -- Compiling module LHSNDQD2LVT
# -- Compiling module LHSNDQD4LVT
# -- Compiling module LHSNQD1LVT
# -- Compiling module LHSNQD2LVT
# -- Compiling module LHSNQD4LVT
# -- Compiling module LNCND1LVT
# -- Compiling module LNCND2LVT
# -- Compiling module LNCND4LVT
# -- Compiling module LNCNDD1LVT
# -- Compiling module LNCNDD2LVT
# -- Compiling module LNCNDD4LVT
# -- Compiling module LNCNDQD1LVT
# -- Compiling module LNCNDQD2LVT
# -- Compiling module LNCNDQD4LVT
# -- Compiling module LNCNQD1LVT
# -- Compiling module LNCNQD2LVT
# -- Compiling module LNCNQD4LVT
# -- Compiling module LNCSND1LVT
# -- Compiling module LNCSND2LVT
# -- Compiling module LNCSND4LVT
# -- Compiling module LNCSNDD1LVT
# -- Compiling module LNCSNDD2LVT
# -- Compiling module LNCSNDD4LVT
# -- Compiling module LNCSNDQD1LVT
# -- Compiling module LNCSNDQD2LVT
# -- Compiling module LNCSNDQD4LVT
# -- Compiling module LNCSNQD1LVT
# -- Compiling module LNCSNQD2LVT
# -- Compiling module LNCSNQD4LVT
# -- Compiling module LND1LVT
# -- Compiling module LND2LVT
# -- Compiling module LND4LVT
# -- Compiling module LNQD1LVT
# -- Compiling module LNQD2LVT
# -- Compiling module LNQD4LVT
# -- Compiling module LNSND1LVT
# -- Compiling module LNSND2LVT
# -- Compiling module LNSND4LVT
# -- Compiling module LNSNDD1LVT
# -- Compiling module LNSNDD2LVT
# -- Compiling module LNSNDD4LVT
# -- Compiling module LNSNDQD1LVT
# -- Compiling module LNSNDQD2LVT
# -- Compiling module LNSNDQD4LVT
# -- Compiling module LNSNQD1LVT
# -- Compiling module LNSNQD2LVT
# -- Compiling module LNSNQD4LVT
# -- Compiling module MAOI222D0LVT
# -- Compiling module MAOI222D1LVT
# -- Compiling module MAOI222D2LVT
# -- Compiling module MAOI222D4LVT
# -- Compiling module MAOI22D0LVT
# -- Compiling module MAOI22D1LVT
# -- Compiling module MAOI22D2LVT
# -- Compiling module MAOI22D4LVT
# -- Compiling module MOAI22D0LVT
# -- Compiling module MOAI22D1LVT
# -- Compiling module MOAI22D2LVT
# -- Compiling module MOAI22D4LVT
# -- Compiling module MUX2D0LVT
# -- Compiling module MUX2D1LVT
# -- Compiling module MUX2D2LVT
# -- Compiling module MUX2D4LVT
# -- Compiling module MUX2ND0LVT
# -- Compiling module MUX2ND1LVT
# -- Compiling module MUX2ND2LVT
# -- Compiling module MUX2ND4LVT
# -- Compiling module MUX3D0LVT
# -- Compiling module MUX3D1LVT
# -- Compiling module MUX3D2LVT
# -- Compiling module MUX3D4LVT
# -- Compiling module MUX3ND0LVT
# -- Compiling module MUX3ND1LVT
# -- Compiling module MUX3ND2LVT
# -- Compiling module MUX3ND4LVT
# -- Compiling module MUX4D0LVT
# -- Compiling module MUX4D1LVT
# -- Compiling module MUX4D2LVT
# -- Compiling module MUX4D4LVT
# -- Compiling module MUX4ND0LVT
# -- Compiling module MUX4ND1LVT
# -- Compiling module MUX4ND2LVT
# -- Compiling module MUX4ND4LVT
# -- Compiling module ND2D0LVT
# -- Compiling module ND2D1LVT
# -- Compiling module ND2D2LVT
# -- Compiling module ND2D3LVT
# -- Compiling module ND2D4LVT
# -- Compiling module ND2D8LVT
# -- Compiling module ND3D0LVT
# -- Compiling module ND3D1LVT
# -- Compiling module ND3D2LVT
# -- Compiling module ND3D3LVT
# -- Compiling module ND3D4LVT
# -- Compiling module ND3D8LVT
# -- Compiling module ND4D0LVT
# -- Compiling module ND4D1LVT
# -- Compiling module ND4D2LVT
# -- Compiling module ND4D3LVT
# -- Compiling module ND4D4LVT
# -- Compiling module ND4D8LVT
# -- Compiling module NR2D0LVT
# -- Compiling module NR2D1LVT
# -- Compiling module NR2D2LVT
# -- Compiling module NR2D3LVT
# -- Compiling module NR2D4LVT
# -- Compiling module NR2D8LVT
# -- Compiling module NR2XD0LVT
# -- Compiling module NR2XD1LVT
# -- Compiling module NR2XD2LVT
# -- Compiling module NR2XD3LVT
# -- Compiling module NR2XD4LVT
# -- Compiling module NR2XD8LVT
# -- Compiling module NR3D0LVT
# -- Compiling module NR3D1LVT
# -- Compiling module NR3D2LVT
# -- Compiling module NR3D3LVT
# -- Compiling module NR3D4LVT
# -- Compiling module NR3D8LVT
# -- Compiling module NR4D0LVT
# -- Compiling module NR4D1LVT
# -- Compiling module NR4D2LVT
# -- Compiling module NR4D3LVT
# -- Compiling module NR4D4LVT
# -- Compiling module NR4D8LVT
# -- Compiling module OA211D0LVT
# -- Compiling module OA211D1LVT
# -- Compiling module OA211D2LVT
# -- Compiling module OA211D4LVT
# -- Compiling module OA21D0LVT
# -- Compiling module OA21D1LVT
# -- Compiling module OA21D2LVT
# -- Compiling module OA21D4LVT
# -- Compiling module OA221D0LVT
# -- Compiling module OA221D1LVT
# -- Compiling module OA221D2LVT
# -- Compiling module OA221D4LVT
# -- Compiling module OA222D0LVT
# -- Compiling module OA222D1LVT
# -- Compiling module OA222D2LVT
# -- Compiling module OA222D4LVT
# -- Compiling module OA22D0LVT
# -- Compiling module OA22D1LVT
# -- Compiling module OA22D2LVT
# -- Compiling module OA22D4LVT
# -- Compiling module OA31D0LVT
# -- Compiling module OA31D1LVT
# -- Compiling module OA31D2LVT
# -- Compiling module OA31D4LVT
# -- Compiling module OA32D0LVT
# -- Compiling module OA32D1LVT
# -- Compiling module OA32D2LVT
# -- Compiling module OA32D4LVT
# -- Compiling module OA33D0LVT
# -- Compiling module OA33D1LVT
# -- Compiling module OA33D2LVT
# -- Compiling module OA33D4LVT
# -- Compiling module OAI211D0LVT
# -- Compiling module OAI211D1LVT
# -- Compiling module OAI211D2LVT
# -- Compiling module OAI211D4LVT
# -- Compiling module OAI21D0LVT
# -- Compiling module OAI21D1LVT
# -- Compiling module OAI21D2LVT
# -- Compiling module OAI21D4LVT
# -- Compiling module OAI221D0LVT
# -- Compiling module OAI221D1LVT
# -- Compiling module OAI221D2LVT
# -- Compiling module OAI221D4LVT
# -- Compiling module OAI221XD4LVT
# -- Compiling module OAI222D0LVT
# -- Compiling module OAI222D1LVT
# -- Compiling module OAI222D2LVT
# -- Compiling module OAI222D4LVT
# -- Compiling module OAI222XD4LVT
# -- Compiling module OAI22D0LVT
# -- Compiling module OAI22D1LVT
# -- Compiling module OAI22D2LVT
# -- Compiling module OAI22D4LVT
# -- Compiling module OAI31D0LVT
# -- Compiling module OAI31D1LVT
# -- Compiling module OAI31D2LVT
# -- Compiling module OAI31D4LVT
# -- Compiling module OAI32D0LVT
# -- Compiling module OAI32D1LVT
# -- Compiling module OAI32D2LVT
# -- Compiling module OAI32D4LVT
# -- Compiling module OAI32XD4LVT
# -- Compiling module OAI33D0LVT
# -- Compiling module OAI33D1LVT
# -- Compiling module OAI33D2LVT
# -- Compiling module OAI33D4LVT
# -- Compiling module OAI33XD4LVT
# -- Compiling module OD25DCAP16LVT
# -- Compiling module OD25DCAP32LVT
# -- Compiling module OD25DCAP64LVT
# -- Compiling module OR2D0LVT
# -- Compiling module OR2D1LVT
# -- Compiling module OR2D2LVT
# -- Compiling module OR2D4LVT
# -- Compiling module OR2D8LVT
# -- Compiling module OR2XD1LVT
# -- Compiling module OR3D0LVT
# -- Compiling module OR3D1LVT
# -- Compiling module OR3D2LVT
# -- Compiling module OR3D4LVT
# -- Compiling module OR3D8LVT
# -- Compiling module OR3XD1LVT
# -- Compiling module OR4D0LVT
# -- Compiling module OR4D1LVT
# -- Compiling module OR4D2LVT
# -- Compiling module OR4D4LVT
# -- Compiling module OR4D8LVT
# -- Compiling module OR4XD1LVT
# -- Compiling module SDFCND0LVT
# -- Compiling module SDFCND1LVT
# -- Compiling module SDFCND2LVT
# -- Compiling module SDFCND4LVT
# -- Compiling module SDFCNQD0LVT
# -- Compiling module SDFCNQD1LVT
# -- Compiling module SDFCNQD2LVT
# -- Compiling module SDFCNQD4LVT
# -- Compiling module SDFCSND0LVT
# -- Compiling module SDFCSND1LVT
# -- Compiling module SDFCSND2LVT
# -- Compiling module SDFCSND4LVT
# -- Compiling module SDFCSNQD0LVT
# -- Compiling module SDFCSNQD1LVT
# -- Compiling module SDFCSNQD2LVT
# -- Compiling module SDFCSNQD4LVT
# -- Compiling module SDFD0LVT
# -- Compiling module SDFD1LVT
# -- Compiling module SDFD2LVT
# -- Compiling module SDFD4LVT
# -- Compiling module SDFKCND0LVT
# -- Compiling module SDFKCND1LVT
# -- Compiling module SDFKCND2LVT
# -- Compiling module SDFKCND4LVT
# -- Compiling module SDFKCNQD0LVT
# -- Compiling module SDFKCNQD1LVT
# -- Compiling module SDFKCNQD2LVT
# -- Compiling module SDFKCNQD4LVT
# -- Compiling module SDFKCSND0LVT
# -- Compiling module SDFKCSND1LVT
# -- Compiling module SDFKCSND2LVT
# -- Compiling module SDFKCSND4LVT
# -- Compiling module SDFKCSNQD0LVT
# -- Compiling module SDFKCSNQD1LVT
# -- Compiling module SDFKCSNQD2LVT
# -- Compiling module SDFKCSNQD4LVT
# -- Compiling module SDFKSND0LVT
# -- Compiling module SDFKSND1LVT
# -- Compiling module SDFKSND2LVT
# -- Compiling module SDFKSND4LVT
# -- Compiling module SDFKSNQD0LVT
# -- Compiling module SDFKSNQD1LVT
# -- Compiling module SDFKSNQD2LVT
# -- Compiling module SDFKSNQD4LVT
# -- Compiling module SDFNCND0LVT
# -- Compiling module SDFNCND1LVT
# -- Compiling module SDFNCND2LVT
# -- Compiling module SDFNCND4LVT
# -- Compiling module SDFNCSND0LVT
# -- Compiling module SDFNCSND1LVT
# -- Compiling module SDFNCSND2LVT
# -- Compiling module SDFNCSND4LVT
# -- Compiling module SDFND0LVT
# -- Compiling module SDFND1LVT
# -- Compiling module SDFND2LVT
# -- Compiling module SDFND4LVT
# -- Compiling module SDFNSND0LVT
# -- Compiling module SDFNSND1LVT
# -- Compiling module SDFNSND2LVT
# -- Compiling module SDFNSND4LVT
# -- Compiling module SDFQD0LVT
# -- Compiling module SDFQD1LVT
# -- Compiling module SDFQD2LVT
# -- Compiling module SDFQD4LVT
# -- Compiling module SDFQND0LVT
# -- Compiling module SDFQND1LVT
# -- Compiling module SDFQND2LVT
# -- Compiling module SDFQND4LVT
# -- Compiling module SDFSND0LVT
# -- Compiling module SDFSND1LVT
# -- Compiling module SDFSND2LVT
# -- Compiling module SDFSND4LVT
# -- Compiling module SDFSNQD0LVT
# -- Compiling module SDFSNQD1LVT
# -- Compiling module SDFSNQD2LVT
# -- Compiling module SDFSNQD4LVT
# -- Compiling module SDFXD0LVT
# -- Compiling module SDFXD1LVT
# -- Compiling module SDFXD2LVT
# -- Compiling module SDFXD4LVT
# -- Compiling module SDFXQD0LVT
# -- Compiling module SDFXQD1LVT
# -- Compiling module SDFXQD2LVT
# -- Compiling module SDFXQD4LVT
# -- Compiling module SEDFCND0LVT
# -- Compiling module SEDFCND1LVT
# -- Compiling module SEDFCND2LVT
# -- Compiling module SEDFCND4LVT
# -- Compiling module SEDFCNQD0LVT
# -- Compiling module SEDFCNQD1LVT
# -- Compiling module SEDFCNQD2LVT
# -- Compiling module SEDFCNQD4LVT
# -- Compiling module SEDFD0LVT
# -- Compiling module SEDFD1LVT
# -- Compiling module SEDFD2LVT
# -- Compiling module SEDFD4LVT
# -- Compiling module SEDFKCND0LVT
# -- Compiling module SEDFKCND1LVT
# -- Compiling module SEDFKCND2LVT
# -- Compiling module SEDFKCND4LVT
# -- Compiling module SEDFKCNQD0LVT
# -- Compiling module SEDFKCNQD1LVT
# -- Compiling module SEDFKCNQD2LVT
# -- Compiling module SEDFKCNQD4LVT
# -- Compiling module SEDFQD0LVT
# -- Compiling module SEDFQD1LVT
# -- Compiling module SEDFQD2LVT
# -- Compiling module SEDFQD4LVT
# -- Compiling module SEDFQND0LVT
# -- Compiling module SEDFQND1LVT
# -- Compiling module SEDFQND2LVT
# -- Compiling module SEDFQND4LVT
# -- Compiling module SEDFQNXD0LVT
# -- Compiling module SEDFQNXD1LVT
# -- Compiling module SEDFQNXD2LVT
# -- Compiling module SEDFQNXD4LVT
# -- Compiling module SEDFQXD0LVT
# -- Compiling module SEDFQXD1LVT
# -- Compiling module SEDFQXD2LVT
# -- Compiling module SEDFQXD4LVT
# -- Compiling module SEDFXD0LVT
# -- Compiling module SEDFXD1LVT
# -- Compiling module SEDFXD2LVT
# -- Compiling module SEDFXD4LVT
# -- Compiling module TIEHLVT
# -- Compiling module TIELLVT
# -- Compiling module XNR2D0LVT
# -- Compiling module XNR2D1LVT
# -- Compiling module XNR2D2LVT
# -- Compiling module XNR2D4LVT
# -- Compiling module XNR3D0LVT
# -- Compiling module XNR3D1LVT
# -- Compiling module XNR3D2LVT
# -- Compiling module XNR3D4LVT
# -- Compiling module XNR4D0LVT
# -- Compiling module XNR4D1LVT
# -- Compiling module XNR4D2LVT
# -- Compiling module XNR4D4LVT
# -- Compiling module XOR2D0LVT
# -- Compiling module XOR2D1LVT
# -- Compiling module XOR2D2LVT
# -- Compiling module XOR2D4LVT
# -- Compiling module XOR3D0LVT
# -- Compiling module XOR3D1LVT
# -- Compiling module XOR3D2LVT
# -- Compiling module XOR3D4LVT
# -- Compiling module XOR4D0LVT
# -- Compiling module XOR4D1LVT
# -- Compiling module XOR4D2LVT
# -- Compiling module XOR4D4LVT
# -- Compiling module ISOHID1LVT
# -- Compiling module ISOHID2LVT
# -- Compiling module ISOHID4LVT
# -- Compiling module ISOHID8LVT
# -- Compiling module ISOLOD1LVT
# -- Compiling module ISOLOD2LVT
# -- Compiling module ISOLOD4LVT
# -- Compiling module ISOLOD8LVT
# -- Compiling module LVLHLD1LVT
# -- Compiling module LVLHLD2LVT
# -- Compiling module LVLHLD4LVT
# -- Compiling module LVLHLD8LVT
# -- Compiling module LVLLHCD1LVT
# -- Compiling module LVLLHCD2LVT
# -- Compiling module LVLLHCD4LVT
# -- Compiling module LVLLHCD8LVT
# -- Compiling module LVLLHD1LVT
# -- Compiling module LVLLHD2LVT
# -- Compiling module LVLLHD4LVT
# -- Compiling module LVLLHD8LVT
# -- Compiling module LVLLHFACD1LVT
# -- Compiling module LVLLHFACD2LVT
# -- Compiling module LVLLHFACD4LVT
# -- Compiling module LVLLHFACD8LVT
# -- Compiling module LVLLHFAD1LVT
# -- Compiling module LVLLHFAD2LVT
# -- Compiling module LVLLHFAD4LVT
# -- Compiling module LVLLHFAD8LVT
# -- Compiling UDP tsmc_dff
# -- Compiling UDP tsmc_dla
# -- Compiling UDP tsmc_mux
# -- Compiling UDP tsmc_xbuf
# 
# Top level modules:
# 	AN2D0LVT
# 	AN2D1LVT
# 	AN2D2LVT
# 	AN2D4LVT
# 	AN2D8LVT
# 	AN2XD1LVT
# 	AN3D0LVT
# 	AN3D1LVT
# 	AN3D2LVT
# 	AN3D4LVT
# 	AN3D8LVT
# 	AN3XD1LVT
# 	AN4D0LVT
# 	AN4D1LVT
# 	AN4D2LVT
# 	AN4D4LVT
# 	AN4D8LVT
# 	AN4XD1LVT
# 	ANTENNALVT
# 	AO211D0LVT
# 	AO211D1LVT
# 	AO211D2LVT
# 	AO211D4LVT
# 	AO21D0LVT
# 	AO21D1LVT
# 	AO21D2LVT
# 	AO21D4LVT
# 	AO221D0LVT
# 	AO221D1LVT
# 	AO221D2LVT
# 	AO221D4LVT
# 	AO222D0LVT
# 	AO222D1LVT
# 	AO222D2LVT
# 	AO222D4LVT
# 	AO22D0LVT
# 	AO22D1LVT
# 	AO22D2LVT
# 	AO22D4LVT
# 	AO31D0LVT
# 	AO31D1LVT
# 	AO31D2LVT
# 	AO31D4LVT
# 	AO32D0LVT
# 	AO32D1LVT
# 	AO32D2LVT
# 	AO32D4LVT
# 	AO33D0LVT
# 	AO33D1LVT
# 	AO33D2LVT
# 	AO33D4LVT
# 	AOI211D0LVT
# 	AOI211D1LVT
# 	AOI211D2LVT
# 	AOI211D4LVT
# 	AOI211XD0LVT
# 	AOI211XD1LVT
# 	AOI211XD2LVT
# 	AOI211XD4LVT
# 	AOI21D0LVT
# 	AOI21D1LVT
# 	AOI21D2LVT
# 	AOI21D4LVT
# 	AOI221D0LVT
# 	AOI221D1LVT
# 	AOI221D2LVT
# 	AOI221D4LVT
# 	AOI221XD4LVT
# 	AOI222D0LVT
# 	AOI222D1LVT
# 	AOI222D2LVT
# 	AOI222D4LVT
# 	AOI222XD4LVT
# 	AOI22D0LVT
# 	AOI22D1LVT
# 	AOI22D2LVT
# 	AOI22D4LVT
# 	AOI31D0LVT
# 	AOI31D1LVT
# 	AOI31D2LVT
# 	AOI31D4LVT
# 	AOI32D0LVT
# 	AOI32D1LVT
# 	AOI32D2LVT
# 	AOI32D4LVT
# 	AOI32XD4LVT
# 	AOI33D0LVT
# 	AOI33D1LVT
# 	AOI33D2LVT
# 	AOI33D4LVT
# 	AOI33XD4LVT
# 	BENCD1LVT
# 	BENCD2LVT
# 	BENCD4LVT
# 	BHDLVT
# 	BMLD1LVT
# 	BMLD2LVT
# 	BMLD4LVT
# 	BUFFD0LVT
# 	BUFFD12LVT
# 	BUFFD16LVT
# 	BUFFD1LVT
# 	BUFFD20LVT
# 	BUFFD24LVT
# 	BUFFD2LVT
# 	BUFFD3LVT
# 	BUFFD4LVT
# 	BUFFD6LVT
# 	BUFFD8LVT
# 	BUFTD0LVT
# 	BUFTD12LVT
# 	BUFTD16LVT
# 	BUFTD1LVT
# 	BUFTD20LVT
# 	BUFTD24LVT
# 	BUFTD2LVT
# 	BUFTD3LVT
# 	BUFTD4LVT
# 	BUFTD6LVT
# 	BUFTD8LVT
# 	CKAN2D0LVT
# 	CKAN2D1LVT
# 	CKAN2D2LVT
# 	CKAN2D4LVT
# 	CKAN2D8LVT
# 	CKBD0LVT
# 	CKBD12LVT
# 	CKBD16LVT
# 	CKBD1LVT
# 	CKBD20LVT
# 	CKBD24LVT
# 	CKBD2LVT
# 	CKBD3LVT
# 	CKBD4LVT
# 	CKBD6LVT
# 	CKBD8LVT
# 	CKLHQD12LVT
# 	CKLHQD16LVT
# 	CKLHQD1LVT
# 	CKLHQD20LVT
# 	CKLHQD24LVT
# 	CKLHQD2LVT
# 	CKLHQD3LVT
# 	CKLHQD4LVT
# 	CKLHQD6LVT
# 	CKLHQD8LVT
# 	CKLNQD12LVT
# 	CKLNQD16LVT
# 	CKLNQD1LVT
# 	CKLNQD20LVT
# 	CKLNQD24LVT
# 	CKLNQD2LVT
# 	CKLNQD3LVT
# 	CKLNQD4LVT
# 	CKLNQD6LVT
# 	CKLNQD8LVT
# 	CKMUX2D0LVT
# 	CKMUX2D1LVT
# 	CKMUX2D2LVT
# 	CKMUX2D4LVT
# 	CKND0LVT
# 	CKND12LVT
# 	CKND16LVT
# 	CKND1LVT
# 	CKND20LVT
# 	CKND24LVT
# 	CKND2D0LVT
# 	CKND2D1LVT
# 	CKND2D2LVT
# 	CKND2D3LVT
# 	CKND2D4LVT
# 	CKND2D8LVT
# 	CKND2LVT
# 	CKND3LVT
# 	CKND4LVT
# 	CKND6LVT
# 	CKND8LVT
# 	CKXOR2D0LVT
# 	CKXOR2D1LVT
# 	CKXOR2D2LVT
# 	CKXOR2D4LVT
# 	CMPE42D1LVT
# 	CMPE42D2LVT
# 	DCAP16LVT
# 	DCAP32LVT
# 	DCAP4LVT
# 	DCAP64LVT
# 	DCAP8LVT
# 	DCAPLVT
# 	DEL005LVT
# 	DEL015LVT
# 	DEL01LVT
# 	DEL02LVT
# 	DEL0LVT
# 	DEL1LVT
# 	DEL2LVT
# 	DEL3LVT
# 	DEL4LVT
# 	DFCND1LVT
# 	DFCND2LVT
# 	DFCND4LVT
# 	DFCNQD1LVT
# 	DFCNQD2LVT
# 	DFCNQD4LVT
# 	DFCSND1LVT
# 	DFCSND2LVT
# 	DFCSND4LVT
# 	DFCSNQD1LVT
# 	DFCSNQD2LVT
# 	DFCSNQD4LVT
# 	DFD1LVT
# 	DFD2LVT
# 	DFD4LVT
# 	DFKCND1LVT
# 	DFKCND2LVT
# 	DFKCND4LVT
# 	DFKCNQD1LVT
# 	DFKCNQD2LVT
# 	DFKCNQD4LVT
# 	DFKCSND1LVT
# 	DFKCSND2LVT
# 	DFKCSND4LVT
# 	DFKSND1LVT
# 	DFKSND2LVT
# 	DFKSND4LVT
# 	DFNCND1LVT
# 	DFNCND2LVT
# 	DFNCND4LVT
# 	DFNCSND1LVT
# 	DFNCSND2LVT
# 	DFNCSND4LVT
# 	DFND1LVT
# 	DFND2LVT
# 	DFND4LVT
# 	DFNSND1LVT
# 	DFNSND2LVT
# 	DFNSND4LVT
# 	DFQD1LVT
# 	DFQD2LVT
# 	DFQD4LVT
# 	DFSND1LVT
# 	DFSND2LVT
# 	DFSND4LVT
# 	DFSNQD1LVT
# 	DFSNQD2LVT
# 	DFSNQD4LVT
# 	DFXD1LVT
# 	DFXD2LVT
# 	DFXD4LVT
# 	DFXQD1LVT
# 	DFXQD2LVT
# 	DFXQD4LVT
# 	EDFCND1LVT
# 	EDFCND2LVT
# 	EDFCND4LVT
# 	EDFCNQD1LVT
# 	EDFCNQD2LVT
# 	EDFCNQD4LVT
# 	EDFD1LVT
# 	EDFD2LVT
# 	EDFD4LVT
# 	EDFKCND1LVT
# 	EDFKCND2LVT
# 	EDFKCND4LVT
# 	EDFKCNQD1LVT
# 	EDFKCNQD2LVT
# 	EDFKCNQD4LVT
# 	EDFQD1LVT
# 	EDFQD2LVT
# 	EDFQD4LVT
# 	FA1D0LVT
# 	FA1D1LVT
# 	FA1D2LVT
# 	FA1D4LVT
# 	FCICIND1LVT
# 	FCICIND2LVT
# 	FCICOND1LVT
# 	FCICOND2LVT
# 	FCSICIND1LVT
# 	FCSICIND2LVT
# 	FCSICOND1LVT
# 	FCSICOND2LVT
# 	FICIND1LVT
# 	FICIND2LVT
# 	FICOND1LVT
# 	FICOND2LVT
# 	FIICOND1LVT
# 	FIICOND2LVT
# 	GAN2D1LVT
# 	GAN2D2LVT
# 	GAOI21D1LVT
# 	GAOI21D2LVT
# 	GAOI22D1LVT
# 	GBUFFD1LVT
# 	GBUFFD2LVT
# 	GBUFFD3LVT
# 	GBUFFD4LVT
# 	GBUFFD8LVT
# 	GDCAP10LVT
# 	GDCAP2LVT
# 	GDCAP3LVT
# 	GDCAP4LVT
# 	GDCAPLVT
# 	GDFCNQD1LVT
# 	GDFQD1LVT
# 	GFILL10LVT
# 	GFILL2LVT
# 	GFILL3LVT
# 	GFILL4LVT
# 	GFILLLVT
# 	GINVD1LVT
# 	GINVD2LVT
# 	GINVD3LVT
# 	GINVD4LVT
# 	GINVD8LVT
# 	GMUX2D1LVT
# 	GMUX2D2LVT
# 	GMUX2ND1LVT
# 	GMUX2ND2LVT
# 	GND2D1LVT
# 	GND2D2LVT
# 	GND2D3LVT
# 	GND2D4LVT
# 	GND3D1LVT
# 	GND3D2LVT
# 	GNR2D1LVT
# 	GNR2D2LVT
# 	GNR3D1LVT
# 	GNR3D2LVT
# 	GOAI21D1LVT
# 	GOAI21D2LVT
# 	GOR2D1LVT
# 	GOR2D2LVT
# 	GSDFCNQD1LVT
# 	GTIEHLVT
# 	GTIELLVT
# 	GXNR2D1LVT
# 	GXNR2D2LVT
# 	GXOR2D1LVT
# 	GXOR2D2LVT
# 	HA1D0LVT
# 	HA1D1LVT
# 	HA1D2LVT
# 	HA1D4LVT
# 	HCOSCIND1LVT
# 	HCOSCIND2LVT
# 	HCOSCOND1LVT
# 	HCOSCOND2LVT
# 	HICIND1LVT
# 	HICIND2LVT
# 	HICOND1LVT
# 	HICOND2LVT
# 	IAO21D0LVT
# 	IAO21D1LVT
# 	IAO21D2LVT
# 	IAO21D4LVT
# 	IAO22D0LVT
# 	IAO22D1LVT
# 	IAO22D2LVT
# 	IAO22D4LVT
# 	IIND4D0LVT
# 	IIND4D1LVT
# 	IIND4D2LVT
# 	IIND4D4LVT
# 	IINR4D0LVT
# 	IINR4D1LVT
# 	IINR4D2LVT
# 	IINR4D4LVT
# 	IND2D0LVT
# 	IND2D1LVT
# 	IND2D2LVT
# 	IND2D4LVT
# 	IND3D0LVT
# 	IND3D1LVT
# 	IND3D2LVT
# 	IND3D4LVT
# 	IND4D0LVT
# 	IND4D1LVT
# 	IND4D2LVT
# 	IND4D4LVT
# 	INR2D0LVT
# 	INR2D1LVT
# 	INR2D2LVT
# 	INR2D4LVT
# 	INR2XD0LVT
# 	INR2XD1LVT
# 	INR2XD2LVT
# 	INR2XD4LVT
# 	INR3D0LVT
# 	INR3D1LVT
# 	INR3D2LVT
# 	INR3D4LVT
# 	INR4D0LVT
# 	INR4D1LVT
# 	INR4D2LVT
# 	INR4D4LVT
# 	INVD0LVT
# 	INVD12LVT
# 	INVD16LVT
# 	INVD1LVT
# 	INVD20LVT
# 	INVD24LVT
# 	INVD2LVT
# 	INVD3LVT
# 	INVD4LVT
# 	INVD6LVT
# 	INVD8LVT
# 	IOA21D0LVT
# 	IOA21D1LVT
# 	IOA21D2LVT
# 	IOA21D4LVT
# 	IOA22D0LVT
# 	IOA22D1LVT
# 	IOA22D2LVT
# 	IOA22D4LVT
# 	LHCND1LVT
# 	LHCND2LVT
# 	LHCND4LVT
# 	LHCNDD1LVT
# 	LHCNDD2LVT
# 	LHCNDD4LVT
# 	LHCNDQD1LVT
# 	LHCNDQD2LVT
# 	LHCNDQD4LVT
# 	LHCNQD1LVT
# 	LHCNQD2LVT
# 	LHCNQD4LVT
# 	LHCSND1LVT
# 	LHCSND2LVT
# 	LHCSND4LVT
# 	LHCSNDD1LVT
# 	LHCSNDD2LVT
# 	LHCSNDD4LVT
# 	LHCSNDQD1LVT
# 	LHCSNDQD2LVT
# 	LHCSNDQD4LVT
# 	LHCSNQD1LVT
# 	LHCSNQD2LVT
# 	LHCSNQD4LVT
# 	LHD1LVT
# 	LHD2LVT
# 	LHD4LVT
# 	LHQD1LVT
# 	LHQD2LVT
# 	LHQD4LVT
# 	LHSND1LVT
# 	LHSND2LVT
# 	LHSND4LVT
# 	LHSNDD1LVT
# 	LHSNDD2LVT
# 	LHSNDD4LVT
# 	LHSNDQD1LVT
# 	LHSNDQD2LVT
# 	LHSNDQD4LVT
# 	LHSNQD1LVT
# 	LHSNQD2LVT
# 	LHSNQD4LVT
# 	LNCND1LVT
# 	LNCND2LVT
# 	LNCND4LVT
# 	LNCNDD1LVT
# 	LNCNDD2LVT
# 	LNCNDD4LVT
# 	LNCNDQD1LVT
# 	LNCNDQD2LVT
# 	LNCNDQD4LVT
# 	LNCNQD1LVT
# 	LNCNQD2LVT
# 	LNCNQD4LVT
# 	LNCSND1LVT
# 	LNCSND2LVT
# 	LNCSND4LVT
# 	LNCSNDD1LVT
# 	LNCSNDD2LVT
# 	LNCSNDD4LVT
# 	LNCSNDQD1LVT
# 	LNCSNDQD2LVT
# 	LNCSNDQD4LVT
# 	LNCSNQD1LVT
# 	LNCSNQD2LVT
# 	LNCSNQD4LVT
# 	LND1LVT
# 	LND2LVT
# 	LND4LVT
# 	LNQD1LVT
# 	LNQD2LVT
# 	LNQD4LVT
# 	LNSND1LVT
# 	LNSND2LVT
# 	LNSND4LVT
# 	LNSNDD1LVT
# 	LNSNDD2LVT
# 	LNSNDD4LVT
# 	LNSNDQD1LVT
# 	LNSNDQD2LVT
# 	LNSNDQD4LVT
# 	LNSNQD1LVT
# 	LNSNQD2LVT
# 	LNSNQD4LVT
# 	MAOI222D0LVT
# 	MAOI222D1LVT
# 	MAOI222D2LVT
# 	MAOI222D4LVT
# 	MAOI22D0LVT
# 	MAOI22D1LVT
# 	MAOI22D2LVT
# 	MAOI22D4LVT
# 	MOAI22D0LVT
# 	MOAI22D1LVT
# 	MOAI22D2LVT
# 	MOAI22D4LVT
# 	MUX2D0LVT
# 	MUX2D1LVT
# 	MUX2D2LVT
# 	MUX2D4LVT
# 	MUX2ND0LVT
# 	MUX2ND1LVT
# 	MUX2ND2LVT
# 	MUX2ND4LVT
# 	MUX3D0LVT
# 	MUX3D1LVT
# 	MUX3D2LVT
# 	MUX3D4LVT
# 	MUX3ND0LVT
# 	MUX3ND1LVT
# 	MUX3ND2LVT
# 	MUX3ND4LVT
# 	MUX4D0LVT
# 	MUX4D1LVT
# 	MUX4D2LVT
# 	MUX4D4LVT
# 	MUX4ND0LVT
# 	MUX4ND1LVT
# 	MUX4ND2LVT
# 	MUX4ND4LVT
# 	ND2D0LVT
# 	ND2D1LVT
# 	ND2D2LVT
# 	ND2D3LVT
# 	ND2D4LVT
# 	ND2D8LVT
# 	ND3D0LVT
# 	ND3D1LVT
# 	ND3D2LVT
# 	ND3D3LVT
# 	ND3D4LVT
# 	ND3D8LVT
# 	ND4D0LVT
# 	ND4D1LVT
# 	ND4D2LVT
# 	ND4D3LVT
# 	ND4D4LVT
# 	ND4D8LVT
# 	NR2D0LVT
# 	NR2D1LVT
# 	NR2D2LVT
# 	NR2D3LVT
# 	NR2D4LVT
# 	NR2D8LVT
# 	NR2XD0LVT
# 	NR2XD1LVT
# 	NR2XD2LVT
# 	NR2XD3LVT
# 	NR2XD4LVT
# 	NR2XD8LVT
# 	NR3D0LVT
# 	NR3D1LVT
# 	NR3D2LVT
# 	NR3D3LVT
# 	NR3D4LVT
# 	NR3D8LVT
# 	NR4D0LVT
# 	NR4D1LVT
# 	NR4D2LVT
# 	NR4D3LVT
# 	NR4D4LVT
# 	NR4D8LVT
# 	OA211D0LVT
# 	OA211D1LVT
# 	OA211D2LVT
# 	OA211D4LVT
# 	OA21D0LVT
# 	OA21D1LVT
# 	OA21D2LVT
# 	OA21D4LVT
# 	OA221D0LVT
# 	OA221D1LVT
# 	OA221D2LVT
# 	OA221D4LVT
# 	OA222D0LVT
# 	OA222D1LVT
# 	OA222D2LVT
# 	OA222D4LVT
# 	OA22D0LVT
# 	OA22D1LVT
# 	OA22D2LVT
# 	OA22D4LVT
# 	OA31D0LVT
# 	OA31D1LVT
# 	OA31D2LVT
# 	OA31D4LVT
# 	OA32D0LVT
# 	OA32D1LVT
# 	OA32D2LVT
# 	OA32D4LVT
# 	OA33D0LVT
# 	OA33D1LVT
# 	OA33D2LVT
# 	OA33D4LVT
# 	OAI211D0LVT
# 	OAI211D1LVT
# 	OAI211D2LVT
# 	OAI211D4LVT
# 	OAI21D0LVT
# 	OAI21D1LVT
# 	OAI21D2LVT
# 	OAI21D4LVT
# 	OAI221D0LVT
# 	OAI221D1LVT
# 	OAI221D2LVT
# 	OAI221D4LVT
# 	OAI221XD4LVT
# 	OAI222D0LVT
# 	OAI222D1LVT
# 	OAI222D2LVT
# 	OAI222D4LVT
# 	OAI222XD4LVT
# 	OAI22D0LVT
# 	OAI22D1LVT
# 	OAI22D2LVT
# 	OAI22D4LVT
# 	OAI31D0LVT
# 	OAI31D1LVT
# 	OAI31D2LVT
# 	OAI31D4LVT
# 	OAI32D0LVT
# 	OAI32D1LVT
# 	OAI32D2LVT
# 	OAI32D4LVT
# 	OAI32XD4LVT
# 	OAI33D0LVT
# 	OAI33D1LVT
# 	OAI33D2LVT
# 	OAI33D4LVT
# 	OAI33XD4LVT
# 	OD25DCAP16LVT
# 	OD25DCAP32LVT
# 	OD25DCAP64LVT
# 	OR2D0LVT
# 	OR2D1LVT
# 	OR2D2LVT
# 	OR2D4LVT
# 	OR2D8LVT
# 	OR2XD1LVT
# 	OR3D0LVT
# 	OR3D1LVT
# 	OR3D2LVT
# 	OR3D4LVT
# 	OR3D8LVT
# 	OR3XD1LVT
# 	OR4D0LVT
# 	OR4D1LVT
# 	OR4D2LVT
# 	OR4D4LVT
# 	OR4D8LVT
# 	OR4XD1LVT
# 	SDFCND0LVT
# 	SDFCND1LVT
# 	SDFCND2LVT
# 	SDFCND4LVT
# 	SDFCNQD0LVT
# 	SDFCNQD1LVT
# 	SDFCNQD2LVT
# 	SDFCNQD4LVT
# 	SDFCSND0LVT
# 	SDFCSND1LVT
# 	SDFCSND2LVT
# 	SDFCSND4LVT
# 	SDFCSNQD0LVT
# 	SDFCSNQD1LVT
# 	SDFCSNQD2LVT
# 	SDFCSNQD4LVT
# 	SDFD0LVT
# 	SDFD1LVT
# 	SDFD2LVT
# 	SDFD4LVT
# 	SDFKCND0LVT
# 	SDFKCND1LVT
# 	SDFKCND2LVT
# 	SDFKCND4LVT
# 	SDFKCNQD0LVT
# 	SDFKCNQD1LVT
# 	SDFKCNQD2LVT
# 	SDFKCNQD4LVT
# 	SDFKCSND0LVT
# 	SDFKCSND1LVT
# 	SDFKCSND2LVT
# 	SDFKCSND4LVT
# 	SDFKCSNQD0LVT
# 	SDFKCSNQD1LVT
# 	SDFKCSNQD2LVT
# 	SDFKCSNQD4LVT
# 	SDFKSND0LVT
# 	SDFKSND1LVT
# 	SDFKSND2LVT
# 	SDFKSND4LVT
# 	SDFKSNQD0LVT
# 	SDFKSNQD1LVT
# 	SDFKSNQD2LVT
# 	SDFKSNQD4LVT
# 	SDFNCND0LVT
# 	SDFNCND1LVT
# 	SDFNCND2LVT
# 	SDFNCND4LVT
# 	SDFNCSND0LVT
# 	SDFNCSND1LVT
# 	SDFNCSND2LVT
# 	SDFNCSND4LVT
# 	SDFND0LVT
# 	SDFND1LVT
# 	SDFND2LVT
# 	SDFND4LVT
# 	SDFNSND0LVT
# 	SDFNSND1LVT
# 	SDFNSND2LVT
# 	SDFNSND4LVT
# 	SDFQD0LVT
# 	SDFQD1LVT
# 	SDFQD2LVT
# 	SDFQD4LVT
# 	SDFQND0LVT
# 	SDFQND1LVT
# 	SDFQND2LVT
# 	SDFQND4LVT
# 	SDFSND0LVT
# 	SDFSND1LVT
# 	SDFSND2LVT
# 	SDFSND4LVT
# 	SDFSNQD0LVT
# 	SDFSNQD1LVT
# 	SDFSNQD2LVT
# 	SDFSNQD4LVT
# 	SDFXD0LVT
# 	SDFXD1LVT
# 	SDFXD2LVT
# 	SDFXD4LVT
# 	SDFXQD0LVT
# 	SDFXQD1LVT
# 	SDFXQD2LVT
# 	SDFXQD4LVT
# 	SEDFCND0LVT
# 	SEDFCND1LVT
# 	SEDFCND2LVT
# 	SEDFCND4LVT
# 	SEDFCNQD0LVT
# 	SEDFCNQD1LVT
# 	SEDFCNQD2LVT
# 	SEDFCNQD4LVT
# 	SEDFD0LVT
# 	SEDFD1LVT
# 	SEDFD2LVT
# 	SEDFD4LVT
# 	SEDFKCND0LVT
# 	SEDFKCND1LVT
# 	SEDFKCND2LVT
# 	SEDFKCND4LVT
# 	SEDFKCNQD0LVT
# 	SEDFKCNQD1LVT
# 	SEDFKCNQD2LVT
# 	SEDFKCNQD4LVT
# 	SEDFQD0LVT
# 	SEDFQD1LVT
# 	SEDFQD2LVT
# 	SEDFQD4LVT
# 	SEDFQND0LVT
# 	SEDFQND1LVT
# 	SEDFQND2LVT
# 	SEDFQND4LVT
# 	SEDFQNXD0LVT
# 	SEDFQNXD1LVT
# 	SEDFQNXD2LVT
# 	SEDFQNXD4LVT
# 	SEDFQXD0LVT
# 	SEDFQXD1LVT
# 	SEDFQXD2LVT
# 	SEDFQXD4LVT
# 	SEDFXD0LVT
# 	SEDFXD1LVT
# 	SEDFXD2LVT
# 	SEDFXD4LVT
# 	TIEHLVT
# 	TIELLVT
# 	XNR2D0LVT
# 	XNR2D1LVT
# 	XNR2D2LVT
# 	XNR2D4LVT
# 	XNR3D0LVT
# 	XNR3D1LVT
# 	XNR3D2LVT
# 	XNR3D4LVT
# 	XNR4D0LVT
# 	XNR4D1LVT
# 	XNR4D2LVT
# 	XNR4D4LVT
# 	XOR2D0LVT
# 	XOR2D1LVT
# 	XOR2D2LVT
# 	XOR2D4LVT
# 	XOR3D0LVT
# 	XOR3D1LVT
# 	XOR3D2LVT
# 	XOR3D4LVT
# 	XOR4D0LVT
# 	XOR4D1LVT
# 	XOR4D2LVT
# 	XOR4D4LVT
# 	ISOHID1LVT
# 	ISOHID2LVT
# 	ISOHID4LVT
# 	ISOHID8LVT
# 	ISOLOD1LVT
# 	ISOLOD2LVT
# 	ISOLOD4LVT
# 	ISOLOD8LVT
# 	LVLHLD1LVT
# 	LVLHLD2LVT
# 	LVLHLD4LVT
# 	LVLHLD8LVT
# 	LVLLHCD1LVT
# 	LVLLHCD2LVT
# 	LVLLHCD4LVT
# 	LVLLHCD8LVT
# 	LVLLHD1LVT
# 	LVLLHD2LVT
# 	LVLLHD4LVT
# 	LVLLHD8LVT
# 	LVLLHFACD1LVT
# 	LVLLHFACD2LVT
# 	LVLLHFACD4LVT
# 	LVLLHFACD8LVT
# 	LVLLHFAD1LVT
# 	LVLLHFAD2LVT
# 	LVLLHFAD4LVT
# 	LVLLHFAD8LVT
# End time: 18:57:51 on Jun 04,2025, Elapsed time: 0:00:00
# Errors: 0, Warnings: 0
# QuestaSim-64 vlog 2024.3 Compiler 2024.09 Sep 10 2024
# Start time: 18:57:51 on Jun 04,2025
# vlog -sv -timescale=1ns/1ps ../netlist/ascon_top_syn.v 
# -- Compiling module fsm
# -- Compiling module state_register
# -- Compiling module register_1
# -- Compiling module shareCreator
# -- Compiling module ascon_sbox_d2_5
# -- Compiling module ascon_sbox_d2_0
# -- Compiling module ascon_sbox_d2_1
# -- Compiling module ascon_sbox_d2_2
# -- Compiling module ascon_sbox_d2_3
# -- Compiling module ascon_sbox_d2_4
# -- Compiling module register_0
# -- Compiling module ascon_top
# 
# Top level modules:
# 	ascon_top
# End time: 18:57:52 on Jun 04,2025, Elapsed time: 0:00:01
# Errors: 0, Warnings: 0
# QuestaSim-64 vlog 2024.3 Compiler 2024.09 Sep 10 2024
# Start time: 18:57:52 on Jun 04,2025
# vlog ../ascon_params.sv ../fsm.sv ../state_register.sv ../register.sv ../shareCreator.sv ../ascon_sbox_d2.sv 
# -- Compiling package ascon_params
# -- Compiling package fsm_sv_unit
# -- Importing package ascon_params
# -- Compiling module fsm
# -- Compiling package state_register_sv_unit
# -- Compiling module state_register
# -- Compiling package register_sv_unit
# -- Compiling module register
# -- Compiling package shareCreator_sv_unit
# -- Compiling module shareCreator
# -- Compiling package ascon_sbox_d2_sv_unit
# -- Compiling module ascon_sbox_d2
# 
# Top level modules:
# 	fsm
# 	state_register
# 	register
# 	shareCreator
# 	ascon_sbox_d2
# End time: 18:57:52 on Jun 04,2025, Elapsed time: 0:00:00
# Errors: 0, Warnings: 0
# QuestaSim-64 vlog 2024.3 Compiler 2024.09 Sep 10 2024
# Start time: 18:57:52 on Jun 04,2025
# vlog -sv tb_ascon_top.sv 
# -- Compiling module tb_ascon_top
# 
# Top level modules:
# 	tb_ascon_top
# End time: 18:57:52 on Jun 04,2025, Elapsed time: 0:00:00
# Errors: 0, Warnings: 0
# vsim -voptargs="+acc" work.tb_ascon_top 
# Start time: 18:57:52 on Jun 04,2025
# ** Note: (vsim-3812) Design is being optimized...
# ** Warning: (vopt-10587) Some optimizations are turned off because the +acc switch is in effect. This will cause your simulation to run slowly. Please use -access/-debug to maintain needed visibility. The +acc switch would be deprecated in a future release.
# ** Note: (vopt-143) Recognized 1 FSM in module "fsm(fast)".
# ** Note: (vsim-12126) Error and warning message counts have been restored: Errors=0, Warnings=1.
# //  Questa Sim-64
# //  Version 2024.3 linux_x86_64 Sep 10 2024
# //
# // Unpublished work. Copyright 2024 Siemens
# //
# // This material contains trade secrets or otherwise confidential information
# // owned by Siemens Industry Software Inc. or its affiliates (collectively,
# // "SISW"), or its licensors. Access to and use of this information is strictly
# // limited as set forth in the Customer's applicable agreements with SISW.
# //
# // This material may not be copied, distributed, or otherwise disclosed outside
# // of the Customer's facilities without the express written permission of SISW,
# // and may not be used in any way not expressly authorized by SISW.
# //
# Loading sv_std.std
# Loading work.tb_ascon_top(fast)
# Loading work.ascon_top(fast)
# Loading work.ascon_params(fast)
# Loading work.fsm_sv_unit(fast)
# Loading work.fsm(fast)
# Loading work.state_register_sv_unit(fast)
# Loading work.state_register(fast)
# Loading work.register_1(fast)
# Loading work.EDFCNQD1LVT(fast)
# Loading work.CKBD0LVT(fast)
# Loading work.CKBD1LVT(fast)
# Loading work.register_0(fast)
# Loading work.shareCreator_sv_unit(fast)
# Loading work.shareCreator(fast)
# Loading work.ascon_sbox_d2_5(fast)
# Loading work.DFQD1LVT(fast)
# Loading work.DFXQD1LVT(fast)
# Loading work.CKND1LVT(fast)
# Loading work.XOR3D0LVT(fast)
# Loading work.XNR4D0LVT(fast)
# Loading work.INVD0LVT(fast)
# Loading work.ND2D0LVT(fast)
# Loading work.XNR4D1LVT(fast)
# Loading work.XNR3D1LVT(fast)
# Loading work.XNR3D4LVT(fast)
# Loading work.NR2XD0LVT(fast)
# Loading work.XNR3D0LVT(fast)
# Loading work.XOR4D0LVT(fast)
# Loading work.CKXOR2D0LVT(fast)
# Loading work.MUX2ND0LVT(fast)
# Loading work.ascon_sbox_d2_4(fast)
# Loading work.XNR2D0LVT(fast)
# Loading work.ascon_sbox_d2_3(fast)
# Loading work.ascon_sbox_d2_2(fast)
# Loading work.ascon_sbox_d2_1(fast)
# Loading work.ascon_sbox_d2_0(fast)
# Loading work.MUX2D0LVT(fast)
# Loading work.INVD1LVT(fast)
# Loading work.AOI32D1LVT(fast)
# Loading work.CKND6LVT(fast)
# Loading work.BUFFD12LVT(fast)
# Loading work.NR2D1LVT(fast)
# Loading work.CKND3LVT(fast)
# Loading work.CKND4LVT(fast)
# Loading work.XOR4D2LVT(fast)
# Loading work.XNR4D2LVT(fast)
# Loading work.CKND2D2LVT(fast)
# Loading work.XOR2D0LVT(fast)
# Loading work.XNR3D2LVT(fast)
# Loading work.IOA21D0LVT(fast)
# Loading work.INVD2LVT(fast)
# Loading work.INVD6LVT(fast)
# Loading work.CKBD4LVT(fast)
# Loading work.AN2D1LVT(fast)
# Loading work.BUFFD2LVT(fast)
# Loading work.BUFFD8LVT(fast)
# Loading work.AOI21D1LVT(fast)
# Loading work.OAI21D1LVT(fast)
# Loading work.OAI21D0LVT(fast)
# Loading work.INR2XD0LVT(fast)
# Loading work.OAI211D0LVT(fast)
# Loading work.AOI211D0LVT(fast)
# Loading work.AOI21D0LVT(fast)
# Loading work.AOI22D0LVT(fast)
# Loading work.INVD8LVT(fast)
# Loading work.IND2D0LVT(fast)
# Loading work.OAI31D0LVT(fast)
# Loading work.CKAN2D0LVT(fast)
# Loading work.BUFFD4LVT(fast)
# Loading work.CKXOR2D1LVT(fast)
# Loading work.CKND16LVT(fast)
# Loading work.ND2D1LVT(fast)
# Loading work.OA21D1LVT(fast)
# Loading work.INR2D2LVT(fast)
# Loading work.AO222D0LVT(fast)
# Loading work.XOR3D1LVT(fast)
# Loading work.CKMUX2D1LVT(fast)
# Loading work.XOR3D2LVT(fast)
# Loading work.XNR2D1LVT(fast)
# Loading work.NR3D0LVT(fast)
# Loading work.NR4D0LVT(fast)
# Loading work.AO222D1LVT(fast)
# Loading work.AOI221D0LVT(fast)
# Loading work.AO211D0LVT(fast)
# Loading work.NR2D2LVT(fast)
# Loading work.AO21D0LVT(fast)
# Loading work.OR2D0LVT(fast)
# Loading work.OAI222D0LVT(fast)
# ** Warning: (vsim-PLI-3691) Expected a system task, not a system function '$fscanf'.
#    Time: 0 ps  Iteration: 0  Region: /tb_ascon_top/#ublk#799680#86 File: tb_ascon_top.sv Line: 144
# ** Warning: (vsim-PLI-3691) Expected a system task, not a system function '$fscanf'.
#    Time: 0 ps  Iteration: 0  Region: /tb_ascon_top/#ublk#799680#86 File: tb_ascon_top.sv Line: 145
# ** Warning: (vsim-PLI-3110) $dumpfile : This task can be called only once. Please use $fdumpfile()
# for multiple files.
#    Time: 0 ps  Iteration: 0  Process: /tb_ascon_top/#INITIAL#86(#ublk#799680#86) File: tb_ascon_top.sv Line: 93
# WIDTH_RAND=300 (38 bytes), WIDTH_RAND_SBOX=55 (7 bytes)
# AAD_LEN=5, MSG_LEN=24
# Cycle 100, done=0, ready_for_data=0, aad_done=0, msg_done=0
# Cycle 200, done=0, ready_for_data=0, aad_done=1, msg_done=0
# Cycle 300, done=0, ready_for_data=0, aad_done=1, msg_done=1
# Simulation DONE
# ** Note: $finish    : tb_ascon_top.sv(222)
#    Time: 3985 ns  Iteration: 1  Instance: /tb_ascon_top
# End time: 18:57:55 on Jun 04,2025, Elapsed time: 0:00:03
# Errors: 0, Warnings: 4
