 
****************************************
Report : power
        -analysis_effort low
Design : ascon_top
Version: R-2020.09-SP2
Date   : Fri Sep 12 15:37:20 2025
****************************************


Library(s) Used:

    tcbn65lplvttc (File: /software/dk/tsmc65/digital/Front_End/timing_power_noise/NLDM/tcbn65lplvt_220a/tcbn65lplvttc.db)


Operating Conditions: NCCOM   Library: tcbn65lplvttc
Wire Load Model Mode: segmented

Design        Wire Load Model            Library
------------------------------------------------
ascon_top              ZeroWireload      tcbn65lplvttc
fsm                    ZeroWireload      tcbn65lplvttc
state_register_2       ZeroWireload      tcbn65lplvttc
state_register_1       ZeroWireload      tcbn65lplvttc
register_1             ZeroWireload      tcbn65lplvttc
shareCreator           ZeroWireload      tcbn65lplvttc
ascon_sbox_d2_21       ZeroWireload      tcbn65lplvttc
state_register_0       ZeroWireload      tcbn65lplvttc
ascon_sbox_d2_0        ZeroWireload      tcbn65lplvttc
ascon_sbox_d2_1        ZeroWireload      tcbn65lplvttc
ascon_sbox_d2_2        ZeroWireload      tcbn65lplvttc
ascon_sbox_d2_3        ZeroWireload      tcbn65lplvttc
ascon_sbox_d2_4        ZeroWireload      tcbn65lplvttc
ascon_sbox_d2_5        ZeroWireload      tcbn65lplvttc
ascon_sbox_d2_6        ZeroWireload      tcbn65lplvttc
ascon_sbox_d2_7        ZeroWireload      tcbn65lplvttc
ascon_sbox_d2_8        ZeroWireload      tcbn65lplvttc
ascon_sbox_d2_9        ZeroWireload      tcbn65lplvttc
ascon_sbox_d2_10       ZeroWireload      tcbn65lplvttc
ascon_sbox_d2_11       ZeroWireload      tcbn65lplvttc
ascon_sbox_d2_12       ZeroWireload      tcbn65lplvttc
ascon_sbox_d2_13       ZeroWireload      tcbn65lplvttc
ascon_sbox_d2_14       ZeroWireload      tcbn65lplvttc
ascon_sbox_d2_15       ZeroWireload      tcbn65lplvttc
ascon_sbox_d2_16       ZeroWireload      tcbn65lplvttc
ascon_sbox_d2_17       ZeroWireload      tcbn65lplvttc
ascon_sbox_d2_18       ZeroWireload      tcbn65lplvttc
ascon_sbox_d2_19       ZeroWireload      tcbn65lplvttc
ascon_sbox_d2_20       ZeroWireload      tcbn65lplvttc
register_0             ZeroWireload      tcbn65lplvttc


Global Operating Voltage = 1.2  
Power-specific unit information :
    Voltage Units = 1V
    Capacitance Units = 1.000000pf
    Time Units = 1ns
    Dynamic Power Units = 1mW    (derived from V,C,T units)
    Leakage Power Units = 1nW


  Cell Internal Power  =  28.2051 mW   (94%)
  Net Switching Power  =   1.9354 mW    (6%)
                         ---------
Total Dynamic Power    =  30.1405 mW  (100%)

Cell Leakage Power     =  16.8610 uW


                 Internal         Switching           Leakage            Total
Power Group      Power            Power               Power              Power   (   %    )  Attrs
--------------------------------------------------------------------------------------------------
io_pad             0.0000            0.0000            0.0000            0.0000  (   0.00%)
memory             0.0000            0.0000            0.0000            0.0000  (   0.00%)
black_box          0.0000            0.0000            0.0000            0.0000  (   0.00%)
clock_network      0.0000            0.0000            0.0000            0.0000  (   0.00%)
register          25.7282            0.5757        7.7090e+03           26.3116  (  87.25%)
sequential         0.0000            0.0000            0.0000            0.0000  (   0.00%)
combinational      2.4769            1.3597        9.1521e+03            3.8457  (  12.75%)
--------------------------------------------------------------------------------------------------
Total             28.2051 mW         1.9354 mW     1.6861e+04 nW        30.1573 mW
1
