 
****************************************
Report : area
Design : ascon_top
Version: R-2020.09-SP2
Date   : Sun Sep  7 18:13:44 2025
****************************************

Information: Updating design information... (UID-85)
Warning: Design 'ascon_top' contains 1 high-fanout nets. A fanout number of 1000 will be used for delay calculations involving these nets. (TIM-134)
Library(s) Used:

    tcbn65lplvttc (File: /software/dk/tsmc65/digital/Front_End/timing_power_noise/NLDM/tcbn65lplvt_220a/tcbn65lplvttc.db)

Number of ports:                         6313
Number of nets:                         15594
Number of cells:                        11030
Number of combinational cells:           9219
Number of sequential cells:              1772
Number of macros/black boxes:               0
Number of buf/inv:                       1576
Number of references:                      96

Combinational area:              21977.280349
Buf/Inv area:                     1750.680068
Noncombinational area:           13370.400219
Macro/Black Box area:                0.000000
Net Interconnect area:      undefined  (Wire load has zero net area)

Total cell area:                 35347.680568
Total area:                 undefined
1
