 
****************************************
Report : power
        -analysis_effort low
Design : ascon_top
Version: R-2020.09-SP2
Date   : Sun Sep  7 18:13:45 2025
****************************************


Library(s) Used:

    tcbn65lplvttc (File: /software/dk/tsmc65/digital/Front_End/timing_power_noise/NLDM/tcbn65lplvt_220a/tcbn65lplvttc.db)


Operating Conditions: NCCOM   Library: tcbn65lplvttc
Wire Load Model Mode: segmented

Design        Wire Load Model            Library
------------------------------------------------
ascon_top              ZeroWireload      tcbn65lplvttc
lfsr                   ZeroWireload      tcbn65lplvttc
fsm                    ZeroWireload      tcbn65lplvttc
state_register_1       ZeroWireload      tcbn65lplvttc
state_register_0       ZeroWireload      tcbn65lplvttc
register_1             ZeroWireload      tcbn65lplvttc
shareCreator           ZeroWireload      tcbn65lplvttc
ascon_sbox_d2_31       ZeroWireload      tcbn65lplvttc
register_0             ZeroWireload      tcbn65lplvttc
ascon_sbox_d2_0        ZeroWireload      tcbn65lplvttc
ascon_sbox_d2_1        ZeroWireload      tcbn65lplvttc
ascon_sbox_d2_2        ZeroWireload      tcbn65lplvttc
ascon_sbox_d2_3        ZeroWireload      tcbn65lplvttc
ascon_sbox_d2_4        ZeroWireload      tcbn65lplvttc
ascon_sbox_d2_5        ZeroWireload      tcbn65lplvttc
ascon_sbox_d2_6        ZeroWireload      tcbn65lplvttc
ascon_sbox_d2_7        ZeroWireload      tcbn65lplvttc
ascon_sbox_d2_8        ZeroWireload      tcbn65lplvttc
ascon_sbox_d2_9        ZeroWireload      tcbn65lplvttc
ascon_sbox_d2_10       ZeroWireload      tcbn65lplvttc
ascon_sbox_d2_11       ZeroWireload      tcbn65lplvttc
ascon_sbox_d2_12       ZeroWireload      tcbn65lplvttc
ascon_sbox_d2_13       ZeroWireload      tcbn65lplvttc
ascon_sbox_d2_14       ZeroWireload      tcbn65lplvttc
ascon_sbox_d2_15       ZeroWireload      tcbn65lplvttc
ascon_sbox_d2_16       ZeroWireload      tcbn65lplvttc
ascon_sbox_d2_17       ZeroWireload      tcbn65lplvttc
ascon_sbox_d2_18       ZeroWireload      tcbn65lplvttc
ascon_sbox_d2_19       ZeroWireload      tcbn65lplvttc
ascon_sbox_d2_20       ZeroWireload      tcbn65lplvttc
ascon_sbox_d2_21       ZeroWireload      tcbn65lplvttc
ascon_sbox_d2_22       ZeroWireload      tcbn65lplvttc
ascon_sbox_d2_23       ZeroWireload      tcbn65lplvttc
ascon_sbox_d2_24       ZeroWireload      tcbn65lplvttc
ascon_sbox_d2_25       ZeroWireload      tcbn65lplvttc
ascon_sbox_d2_26       ZeroWireload      tcbn65lplvttc
ascon_sbox_d2_27       ZeroWireload      tcbn65lplvttc
ascon_sbox_d2_28       ZeroWireload      tcbn65lplvttc
ascon_sbox_d2_29       ZeroWireload      tcbn65lplvttc
ascon_sbox_d2_30       ZeroWireload      tcbn65lplvttc


Global Operating Voltage = 1.2  
Power-specific unit information :
    Voltage Units = 1V
    Capacitance Units = 1.000000pf
    Time Units = 1ns
    Dynamic Power Units = 1mW    (derived from V,C,T units)
    Leakage Power Units = 1nW


  Cell Internal Power  =  24.1860 mW   (89%)
  Net Switching Power  =   3.0797 mW   (11%)
                         ---------
Total Dynamic Power    =  27.2658 mW  (100%)

Cell Leakage Power     =  13.8272 uW


                 Internal         Switching           Leakage            Total
Power Group      Power            Power               Power              Power   (   %    )  Attrs
--------------------------------------------------------------------------------------------------
io_pad             0.0000            0.0000            0.0000            0.0000  (   0.00%)
memory             0.0000            0.0000            0.0000            0.0000  (   0.00%)
black_box          0.0000            0.0000            0.0000            0.0000  (   0.00%)
clock_network      0.0000            0.0000            0.0000            0.0000  (   0.00%)
register          20.5710            0.8454        5.4983e+03           21.4219  (  78.53%)
sequential         0.0000            0.0000            0.0000            0.0000  (   0.00%)
combinational      3.6150            2.2343        8.3289e+03            5.8577  (  21.47%)
--------------------------------------------------------------------------------------------------
Total             24.1860 mW         3.0798 mW     1.3827e+04 nW        27.2796 mW
1
