 
****************************************
Report : area
Design : ascon_top
Version: R-2020.09-SP2
Date   : Sun Sep  7 18:34:59 2025
****************************************

Information: Updating design information... (UID-85)
Warning: Design 'ascon_top' contains 2 high-fanout nets. A fanout number of 1000 will be used for delay calculations involving these nets. (TIM-134)
Library(s) Used:

    tcbn65lplvttc (File: /software/dk/tsmc65/digital/Front_End/timing_power_noise/NLDM/tcbn65lplvt_220a/tcbn65lplvttc.db)

Number of ports:                        11225
Number of nets:                         22852
Number of cells:                        17770
Number of combinational cells:          13447
Number of sequential cells:              4302
Number of macros/black boxes:               0
Number of buf/inv:                       3498
Number of references:                      78

Combinational area:              35896.320303
Buf/Inv area:                     3901.320151
Noncombinational area:           32153.040401
Macro/Black Box area:                0.000000
Net Interconnect area:      undefined  (Wire load has zero net area)

Total cell area:                 68049.360704
Total area:                 undefined
1
